
=== Mon Apr 21 10:20:33 2025

Packages were changed.
Update Mode: updateDependencies

The following packages were updated:
  com.unity.burst from version 1.8.17 to 1.8.18
  com.unity.cinemachine from version 2.10.1 to 2.10.3
  com.unity.ide.rider from version 3.0.31 to 3.0.34
  com.unity.inputsystem from version 1.11.0 to 1.12.0
  com.unity.render-pipelines.core from version 14.0.11 to 14.1.0
  com.unity.render-pipelines.universal from version 14.0.11 to 14.1.0
  com.unity.shadergraph from version 14.0.11 to 14.1.0

=== Tue Apr 22 14:15:22 2025

Packages were changed.
Update Mode: updateDependencies

The following packages were updated:
  com.unity.burst from version 1.8.17 to 1.8.18
  com.unity.cinemachine from version 2.10.1 to 2.10.3
  com.unity.ide.rider from version 3.0.31 to 3.0.34
  com.unity.inputsystem from version 1.11.0 to 1.12.0
  com.unity.render-pipelines.core from version 14.0.11 to 14.1.0
  com.unity.render-pipelines.universal from version 14.0.11 to 14.1.0
  com.unity.shadergraph from version 14.0.11 to 14.1.0
